may-17 22:25:56.285 [main] DEBUG nextflow.cli.Launcher - Setting HTTP proxy: ProxyConfig[protocol=http; host=192.168.255.254; port=8080]
may-17 22:25:56.398 [main] DEBUG nextflow.cli.Launcher - Setting HTTPS proxy: ProxyConfig[protocol=https; host=192.168.255.254; port=8080]
may-17 22:25:56.400 [main] DEBUG nextflow.cli.Launcher - Setting FTP proxy: ProxyConfig[protocol=ftp; host=192.168.255.254; port=8080]
may-17 22:25:56.404 [main] DEBUG nextflow.cli.Launcher - Setting http proxy: ProxyConfig[protocol=http; host=192.168.255.254; port=8080]
may-17 22:25:56.406 [main] DEBUG nextflow.cli.Launcher - Setting https proxy: ProxyConfig[protocol=https; host=192.168.255.254; port=8080]
may-17 22:25:56.410 [main] DEBUG nextflow.cli.Launcher - Setting ftp proxy: ProxyConfig[protocol=ftp; host=192.168.255.254; port=8080]
may-17 22:25:56.414 [main] DEBUG nextflow.cli.Launcher - $> nextflow run diversity_analysis.nf --data_dir ./data --outdir results --sampling_depth 1103
may-17 22:25:56.476 [main] DEBUG nextflow.cli.CmdRun - N E X T F L O W  ~  version 25.10.2
may-17 22:25:56.557 [main] DEBUG nextflow.plugin.PluginsFacade - Setting up plugin manager > mode=prod; embedded=false; plugins-dir=/data/upfagb/u269208/.nextflow/plugins; core-plugins: nf-amazon@3.4.2,nf-azure@1.20.2,nf-cloudcache@0.5.0,nf-codecommit@0.5.0,nf-console@1.3.0,nf-google@1.23.3,nf-k8s@1.2.2,nf-tower@1.17.3,nf-wave@1.16.1
may-17 22:25:56.591 [main] INFO  o.pf4j.DefaultPluginStatusProvider - Enabled plugins: []
may-17 22:25:56.595 [main] INFO  o.pf4j.DefaultPluginStatusProvider - Disabled plugins: []
may-17 22:25:56.603 [main] INFO  org.pf4j.DefaultPluginManager - PF4J version 3.12.0 in 'deployment' mode
may-17 22:25:56.623 [main] DEBUG nextflow.util.RetryConfig - Missing nextflow session - using default retry config
may-17 22:25:56.799 [main] INFO  org.pf4j.AbstractPluginManager - No plugins
may-17 22:25:56.834 [main] DEBUG nextflow.config.ConfigBuilder - Found config local: /data/upfagb/u269208/agb2026/module_c/nextflow.config
may-17 22:25:56.837 [main] DEBUG nextflow.config.ConfigBuilder - Parsing config file: /data/upfagb/u269208/agb2026/module_c/nextflow.config
may-17 22:25:56.861 [main] DEBUG nextflow.config.ConfigBuilder - Applying config profile: `standard`
may-17 22:25:57.275 [main] DEBUG nextflow.plugin.PluginsFacade - Plugins default=[]
may-17 22:25:57.278 [main] DEBUG nextflow.plugin.PluginsFacade - Plugins resolved requirement=[]
may-17 22:25:57.293 [main] DEBUG n.secret.LocalSecretsProvider - Secrets store: /data/upfagb/u269208/.nextflow/secrets/store.json
may-17 22:25:57.296 [main] DEBUG nextflow.secret.SecretsLoader - Discovered secrets providers: [nextflow.secret.LocalSecretsProvider@31b7d869] - activable => nextflow.secret.LocalSecretsProvider@31b7d869
may-17 22:25:57.303 [main] DEBUG nextflow.cli.CmdRun - Applied DSL=2 by global default
may-17 22:25:57.317 [main] DEBUG nextflow.cli.CmdRun - Launching `diversity_analysis.nf` [stoic_bernard] DSL2 - revision: 011c1a6715
may-17 22:25:57.360 [main] DEBUG nextflow.Session - Session UUID: 31c606c6-584e-4995-8110-a542bd9a381a
may-17 22:25:57.362 [main] DEBUG nextflow.Session - Run name: stoic_bernard
may-17 22:25:57.363 [main] DEBUG nextflow.Session - Executor pool size: 4
may-17 22:25:57.372 [main] DEBUG nextflow.file.FilePorter - File porter settings maxRetries=3; maxTransfers=50; pollTimeout=null
may-17 22:25:57.377 [main] DEBUG nextflow.util.ThreadPoolBuilder - Creating thread pool 'FileTransfer' minSize=10; maxSize=12; workQueue=LinkedBlockingQueue[-1]; allowCoreThreadTimeout=false
may-17 22:25:57.399 [main] DEBUG nextflow.cli.CmdRun - 
  Version: 25.10.2 build 10555
  Created: 28-11-2025 19:24 UTC (20:24 CEST)
  System: Linux 4.18.0-513.11.1.el8_9.x86_64
  Runtime: Groovy 4.0.28 on Java HotSpot(TM) 64-Bit Server VM 23.0.1+11-39
  Encoding: UTF-8 (UTF-8)
  Process: 966925@amd11 [192.168.131.39]
  CPUs: 4 - Mem: 8 GB (7.8 GB) - Swap: 0 (0)
may-17 22:25:57.436 [main] DEBUG nextflow.Session - Work-dir: /data/upfagb/u269208/agb2026/module_c/work [nfs]
may-17 22:25:57.439 [main] DEBUG nextflow.Session - Script base path does not exist or is not a directory: /data/upfagb/u269208/agb2026/module_c/bin
may-17 22:25:57.450 [main] DEBUG nextflow.executor.ExecutorFactory - Extension executors providers=[]
may-17 22:25:57.467 [main] DEBUG nextflow.Session - Observer factory (v2): LinObserverFactory
may-17 22:25:57.470 [main] DEBUG nextflow.Session - Observer factory (v2): DefaultObserverFactory
may-17 22:25:57.502 [main] DEBUG nextflow.cache.CacheFactory - Using Nextflow cache factory: nextflow.cache.DefaultCacheFactory
may-17 22:25:57.529 [main] DEBUG nextflow.util.CustomThreadPool - Creating default thread pool > poolSize: 5; maxThreads: 1000
may-17 22:25:57.656 [main] DEBUG nextflow.Session - Session start
may-17 22:25:57.879 [main] DEBUG nextflow.script.ScriptRunner - > Launching execution
may-17 22:25:57.958 [main] DEBUG n.script.dsl.ProcessConfigBuilder - Config settings `withName:diversity_analysis` matches process diversity_analysis
may-17 22:25:57.977 [main] DEBUG nextflow.executor.ExecutorFactory - << taskConfig executor: null
may-17 22:25:57.978 [main] DEBUG nextflow.executor.ExecutorFactory - >> processorType: 'local'
may-17 22:25:57.988 [main] DEBUG nextflow.executor.Executor - [warm up] executor > local
may-17 22:25:57.996 [main] DEBUG n.processor.LocalPollingMonitor - Creating local task monitor for executor 'local' > cpus=4; memory=8 GB; capacity=4; pollInterval=100ms; dumpInterval=5m
may-17 22:25:58.000 [main] DEBUG n.processor.TaskPollingMonitor - >>> barrier register (monitor: local)
may-17 22:25:58.032 [main] DEBUG nextflow.processor.TaskProcessor - Creating process 'diversity_analysis': maxForks=0; fair=false; array=0
may-17 22:25:58.088 [main] DEBUG nextflow.Session - Workflow process names [dsl2]: diversity_analysis
may-17 22:25:58.092 [main] DEBUG nextflow.Session - Igniting dataflow network (1)
may-17 22:25:58.094 [main] DEBUG nextflow.processor.TaskProcessor - Starting process > diversity_analysis
may-17 22:25:58.096 [main] DEBUG nextflow.script.ScriptRunner - Parsed script files:
  Script_fdc13d9b577c5826: /data/upfagb/u269208/agb2026/module_c/diversity_analysis.nf
may-17 22:25:58.097 [main] DEBUG nextflow.script.ScriptRunner - > Awaiting termination 
may-17 22:25:58.098 [main] DEBUG nextflow.Session - Session await
may-17 22:25:58.194 [Actor Thread 5] DEBUG nextflow.conda.CondaCache - conda found local env for environment=/data/upfagb/.conda/envs/qiime2-amplicon-2026.1; path=/data/upfagb/.conda/envs/qiime2-amplicon-2026.1
may-17 22:25:58.275 [Task submitter] DEBUG n.executor.local.LocalTaskHandler - Launch cmd line: /bin/bash -ue .command.run
may-17 22:25:58.280 [Task submitter] INFO  nextflow.Session - [39/1d23cb] Submitted process > diversity_analysis (alpha_beta_diversity)
may-17 22:30:58.186 [Task monitor] DEBUG n.processor.TaskPollingMonitor - !! executor local > tasks to be completed: 1 -- submitted tasks are shown below
~> TaskHandler[id: 1; name: diversity_analysis (alpha_beta_diversity); status: RUNNING; exit: -; error: -; workDir: /data/upfagb/u269208/agb2026/module_c/work/39/1d23cb9e68716d54b24418f707bf00]
may-17 22:31:01.488 [Task monitor] DEBUG n.processor.TaskPollingMonitor - Task completed > TaskHandler[id: 1; name: diversity_analysis (alpha_beta_diversity); status: COMPLETED; exit: 0; error: -; workDir: /data/upfagb/u269208/agb2026/module_c/work/39/1d23cb9e68716d54b24418f707bf00]
may-17 22:31:01.491 [Task monitor] DEBUG nextflow.util.ThreadPoolBuilder - Creating thread pool 'TaskFinalizer' minSize=10; maxSize=12; workQueue=LinkedBlockingQueue[-1]; allowCoreThreadTimeout=false
may-17 22:31:01.625 [TaskFinalizer-1] DEBUG nextflow.util.ThreadPoolBuilder - Creating thread pool 'PublishDir' minSize=10; maxSize=12; workQueue=LinkedBlockingQueue[-1]; allowCoreThreadTimeout=false
may-17 22:31:01.648 [main] DEBUG nextflow.Session - Session await > all processes finished
may-17 22:31:01.670 [Task monitor] DEBUG n.processor.TaskPollingMonitor - <<< barrier arrives (monitor: local) - terminating tasks monitor poll loop
may-17 22:31:01.671 [main] DEBUG nextflow.Session - Session await > all barriers passed
may-17 22:31:01.675 [main] DEBUG nextflow.util.ThreadPoolManager - Thread pool 'TaskFinalizer' shutdown completed (hard=false)
may-17 22:31:01.837 [main] DEBUG nextflow.util.ThreadPoolManager - Thread pool 'PublishDir' shutdown completed (hard=false)
may-17 22:31:01.854 [main] DEBUG n.trace.WorkflowStatsObserver - Workflow completed > WorkflowStats[succeededCount=1; failedCount=0; ignoredCount=0; cachedCount=0; pendingCount=0; submittedCount=0; runningCount=0; retriesCount=0; abortedCount=0; succeedDuration=20m 13s; failedDuration=0ms; cachedDuration=0ms;loadCpus=0; loadMemory=0; peakRunning=1; peakCpus=4; peakMemory=8 GB; ]
may-17 22:31:02.106 [main] DEBUG nextflow.cache.CacheDB - Closing CacheDB done
may-17 22:31:02.132 [main] DEBUG nextflow.util.ThreadPoolManager - Thread pool 'FileTransfer' shutdown completed (hard=false)
may-17 22:31:02.134 [main] DEBUG nextflow.script.ScriptRunner - > Execution complete -- Goodbye
