/data/upfagb/.conda/envs/qiime2-amplicon-2026.1/lib/python3.10/site-packages/unifrac/__init__.py:9: UserWarning: pkg_resources is deprecated as an API. See https://setuptools.pypa.io/en/latest/pkg_resources.html. The pkg_resources package is slated for removal as early as 2025-11-30. Refrain from using this package or pin to Setuptools<81.
  import pkg_resources
Saved FeatureTable[Frequency] to: core_metrics_output/rarefied_table.qza
Saved SampleData[AlphaDiversity] to: core_metrics_output/faith_pd_vector.qza
Saved SampleData[AlphaDiversity] to: core_metrics_output/observed_features_vector.qza
Saved SampleData[AlphaDiversity] to: core_metrics_output/shannon_vector.qza
Saved SampleData[AlphaDiversity] to: core_metrics_output/evenness_vector.qza
Saved DistanceMatrix to: core_metrics_output/unweighted_unifrac_distance_matrix.qza
Saved DistanceMatrix to: core_metrics_output/weighted_unifrac_distance_matrix.qza
Saved DistanceMatrix to: core_metrics_output/jaccard_distance_matrix.qza
Saved DistanceMatrix to: core_metrics_output/bray_curtis_distance_matrix.qza
Saved PCoAResults to: core_metrics_output/unweighted_unifrac_pcoa_results.qza
Saved PCoAResults to: core_metrics_output/weighted_unifrac_pcoa_results.qza
Saved PCoAResults to: core_metrics_output/jaccard_pcoa_results.qza
Saved PCoAResults to: core_metrics_output/bray_curtis_pcoa_results.qza
Saved Visualization to: core_metrics_output/unweighted_unifrac_emperor.qzv
Saved Visualization to: core_metrics_output/weighted_unifrac_emperor.qzv
Saved Visualization to: core_metrics_output/jaccard_emperor.qzv
Saved Visualization to: core_metrics_output/bray_curtis_emperor.qzv
/data/upfagb/.conda/envs/qiime2-amplicon-2026.1/lib/python3.10/site-packages/unifrac/__init__.py:9: UserWarning: pkg_resources is deprecated as an API. See https://setuptools.pypa.io/en/latest/pkg_resources.html. The pkg_resources package is slated for removal as early as 2025-11-30. Refrain from using this package or pin to Setuptools<81.
  import pkg_resources
Saved SampleData[AlphaDiversity] to: core_metrics_output/simpson_vector.qza
/data/upfagb/.conda/envs/qiime2-amplicon-2026.1/lib/python3.10/site-packages/unifrac/__init__.py:9: UserWarning: pkg_resources is deprecated as an API. See https://setuptools.pypa.io/en/latest/pkg_resources.html. The pkg_resources package is slated for removal as early as 2025-11-30. Refrain from using this package or pin to Setuptools<81.
  import pkg_resources
Exported core_metrics_output/shannon_vector.qza as AlphaDiversityDirectoryFormat to directory diversity_table/shannon
/data/upfagb/.conda/envs/qiime2-amplicon-2026.1/lib/python3.10/site-packages/unifrac/__init__.py:9: UserWarning: pkg_resources is deprecated as an API. See https://setuptools.pypa.io/en/latest/pkg_resources.html. The pkg_resources package is slated for removal as early as 2025-11-30. Refrain from using this package or pin to Setuptools<81.
  import pkg_resources
Exported core_metrics_output/observed_features_vector.qza as AlphaDiversityDirectoryFormat to directory diversity_table/observed
/data/upfagb/.conda/envs/qiime2-amplicon-2026.1/lib/python3.10/site-packages/unifrac/__init__.py:9: UserWarning: pkg_resources is deprecated as an API. See https://setuptools.pypa.io/en/latest/pkg_resources.html. The pkg_resources package is slated for removal as early as 2025-11-30. Refrain from using this package or pin to Setuptools<81.
  import pkg_resources
Exported core_metrics_output/faith_pd_vector.qza as AlphaDiversityDirectoryFormat to directory diversity_table/faith
/data/upfagb/.conda/envs/qiime2-amplicon-2026.1/lib/python3.10/site-packages/unifrac/__init__.py:9: UserWarning: pkg_resources is deprecated as an API. See https://setuptools.pypa.io/en/latest/pkg_resources.html. The pkg_resources package is slated for removal as early as 2025-11-30. Refrain from using this package or pin to Setuptools<81.
  import pkg_resources
Exported core_metrics_output/simpson_vector.qza as AlphaDiversityDirectoryFormat to directory diversity_table/simpson
/data/upfagb/.conda/envs/qiime2-amplicon-2026.1/lib/python3.10/site-packages/unifrac/__init__.py:9: UserWarning: pkg_resources is deprecated as an API. See https://setuptools.pypa.io/en/latest/pkg_resources.html. The pkg_resources package is slated for removal as early as 2025-11-30. Refrain from using this package or pin to Setuptools<81.
  import pkg_resources
Exported core_metrics_output/weighted_unifrac_distance_matrix.qza as DistanceMatrixDirectoryFormat to directory diversity_table/weighted_unifrac
/data/upfagb/.conda/envs/qiime2-amplicon-2026.1/lib/python3.10/site-packages/unifrac/__init__.py:9: UserWarning: pkg_resources is deprecated as an API. See https://setuptools.pypa.io/en/latest/pkg_resources.html. The pkg_resources package is slated for removal as early as 2025-11-30. Refrain from using this package or pin to Setuptools<81.
  import pkg_resources
Exported core_metrics_output/bray_curtis_distance_matrix.qza as DistanceMatrixDirectoryFormat to directory diversity_table/bray_curtis
