Saved FeatureTable[Frequency] to: core_metrics_output/rarefied_table.qza
Saved SampleData[AlphaDiversity] to: core_metrics_output/faith_pd_vector.qza
Saved SampleData[AlphaDiversity] to: core_metrics_output/observed_features_vector.qza
Saved SampleData[AlphaDiversity] to: core_metrics_output/shannon_vector.qza
Saved SampleData[AlphaDiversity] to: core_metrics_output/evenness_vector.qza
Saved DistanceMatrix to: core_metrics_output/unweighted_unifrac_distance_matrix.qza
Saved DistanceMatrix to: core_metrics_output/weighted_unifrac_distance_matrix.qza
Saved DistanceMatrix to: core_metrics_output/jaccard_distance_matrix.qza
Saved DistanceMatrix to: core_metrics_output/bray_curtis_distance_matrix.qza
Saved PCoAResults to: core_metrics_output/unweighted_unifrac_pcoa_results.qza
Saved PCoAResults to: core_metrics_output/weighted_unifrac_pcoa_results.qza
Saved PCoAResults to: core_metrics_output/jaccard_pcoa_results.qza
Saved PCoAResults to: core_metrics_output/bray_curtis_pcoa_results.qza
Saved Visualization to: core_metrics_output/unweighted_unifrac_emperor.qzv
Saved Visualization to: core_metrics_output/weighted_unifrac_emperor.qzv
Saved Visualization to: core_metrics_output/jaccard_emperor.qzv
Saved Visualization to: core_metrics_output/bray_curtis_emperor.qzv
Saved SampleData[AlphaDiversity] to: core_metrics_output/simpson_vector.qza
Exported core_metrics_output/shannon_vector.qza as AlphaDiversityDirectoryFormat to directory diversity_table/shannon
Exported core_metrics_output/observed_features_vector.qza as AlphaDiversityDirectoryFormat to directory diversity_table/observed
Exported core_metrics_output/faith_pd_vector.qza as AlphaDiversityDirectoryFormat to directory diversity_table/faith
Exported core_metrics_output/simpson_vector.qza as AlphaDiversityDirectoryFormat to directory diversity_table/simpson
Exported core_metrics_output/weighted_unifrac_distance_matrix.qza as DistanceMatrixDirectoryFormat to directory diversity_table/weighted_unifrac
Exported core_metrics_output/bray_curtis_distance_matrix.qza as DistanceMatrixDirectoryFormat to directory diversity_table/bray_curtis
